[2018-01-28T19:16:00+03:00]: 7777 ATOP: no cache file present
[2018-01-28T19:16:00+03:00]: http://russian-hackers.pro/cc-charts/data/GetData.php?fsym=ATOP&tsym=USD&limit=2000&aggregate=1&allData=false&code={sgXdYvgL
[2018-01-28T19:16:01+03:00]: 211 rows retrieved from API
[2018-01-28T19:16:01+03:00]: 211 rows loaded
[2018-01-28T19:16:37+03:00]: 1182 BTC: no cache file present
[2018-01-28T19:16:37+03:00]: http://russian-hackers.pro/cc-charts/data/GetData.php?fsym=BTC&tsym=USD&limit=2000&aggregate=1&allData=false&code={sgXdYvgL
[2018-01-28T19:16:37+03:00]: 386 rows retrieved from API
[2018-01-28T19:16:37+03:00]: 386 rows loaded
[2018-01-28T19:17:06+03:00]: ATOP: cache file exists
[2018-01-28T19:17:06+03:00]: 211 rows loaded
[2018-01-28T19:17:24+03:00]: BTC: cache file exists
[2018-01-28T19:17:24+03:00]: 386 rows loaded
[2018-01-28T19:27:19+03:00]: 0 rows loaded
[2018-01-28T19:28:00+03:00]: 0 rows loaded
[2018-01-28T19:28:03+03:00]: 0 rows loaded
[2018-01-28T19:32:37+03:00]: 7777 ATOP: no cache file present
[2018-01-28T19:32:37+03:00]: http://russian-hackers.pro/cc-charts/data/GetData.php?fsym=ATOP&tsym=&limit=2000&aggregate=1&allData=false&code={sgXdYvgL
[2018-01-28T19:32:38+03:00]: 211 rows retrieved from API
[2018-01-28T19:32:38+03:00]: 211 rows loaded
[2018-01-28T19:32:55+03:00]: 1182 BTC: no cache file present
[2018-01-28T19:32:55+03:00]: http://russian-hackers.pro/cc-charts/data/GetData.php?fsym=BTC&tsym=&limit=2000&aggregate=1&allData=false&code={sgXdYvgL
[2018-01-28T19:32:55+03:00]: 386 rows retrieved from API
[2018-01-28T19:32:55+03:00]: 386 rows loaded
[2018-01-28T19:33:27+03:00]: ATOP: cache file exists
[2018-01-28T19:33:27+03:00]: 211 rows loaded
[2018-01-28T19:33:38+03:00]: BTC: cache file exists
[2018-01-28T19:33:38+03:00]: 386 rows loaded
[2018-01-28T19:36:33+03:00]: ATOP: cache file exists
[2018-01-28T19:36:33+03:00]: 211 rows loaded
[2018-01-28T19:38:40+03:00]: ATOP: cache file exists
[2018-01-28T19:38:40+03:00]: 211 rows loaded
[2018-01-28T19:39:00+03:00]: ATOP: cache file exists
[2018-01-28T19:39:00+03:00]: 211 rows loaded
[2018-01-28T19:39:33+03:00]: ATOP: cache file exists
[2018-01-28T19:39:33+03:00]: 211 rows loaded
[2018-01-28T19:55:27+03:00]: 7777 ATOP: no cache file present
[2018-01-28T19:55:27+03:00]: http://russian-hackers.pro/cc-charts/data/GetData.php?fsym=ATOP&tsym=&limit=2000&aggregate=1&allData=false&code={sgXdYvgL
[2018-01-28T19:55:28+03:00]: 211 rows retrieved from API
[2018-01-28T19:55:28+03:00]: 211 rows loaded
[2018-01-28T19:56:10+03:00]: ATOP: cache file exists
[2018-01-28T19:56:10+03:00]: 211 rows loaded
[2018-01-28T19:56:53+03:00]: 1182 BTC: no cache file present
[2018-01-28T19:56:53+03:00]: http://russian-hackers.pro/cc-charts/data/GetData.php?fsym=BTC&tsym=&limit=2000&aggregate=1&allData=false&code={sgXdYvgL
[2018-01-28T19:56:53+03:00]: 386 rows retrieved from API
[2018-01-28T19:56:53+03:00]: 386 rows loaded
[2018-01-28T20:05:32+03:00]: ATOP: cache file exists
[2018-01-28T20:05:32+03:00]: 211 rows loaded
[2018-01-28T20:06:56+03:00]: BTC: cache file exists
[2018-01-28T20:06:56+03:00]: 386 rows loaded
[2018-01-28T20:07:07+03:00]: ATOP: cache file exists
[2018-01-28T20:07:07+03:00]: 211 rows loaded
[2018-01-28T20:08:24+03:00]: ATOP: cache file exists
[2018-01-28T20:08:24+03:00]: 211 rows loaded
[2018-01-28T20:09:06+03:00]: BTC: cache file exists
[2018-01-28T20:09:06+03:00]: 386 rows loaded
[2018-01-28T20:14:43+03:00]: ATOP: cache file exists
[2018-01-28T20:14:43+03:00]: 211 rows loaded
[2018-01-28T20:17:02+03:00]: ATOP: cache file exists
[2018-01-28T20:17:02+03:00]: 211 rows loaded
[2018-01-28T20:17:39+03:00]: ATOP: cache file exists
[2018-01-28T20:17:39+03:00]: 211 rows loaded
[2018-01-28T21:19:04+03:00]: ATOP: cache file exists
[2018-01-28T21:19:04+03:00]: 211 rows loaded
[2018-01-28T21:20:00+03:00]: ATOP: cache file exists
[2018-01-28T21:20:00+03:00]: 211 rows loaded
[2018-01-28T21:20:13+03:00]: ATOP: cache file exists
[2018-01-28T21:20:13+03:00]: 211 rows loaded
[2018-01-28T21:20:50+03:00]: ATOP: cache file exists
[2018-01-28T21:20:50+03:00]: 211 rows loaded
[2018-01-28T21:23:53+03:00]: ATOP: cache file exists
[2018-01-28T21:23:53+03:00]: 211 rows loaded
[2018-01-28T21:25:00+03:00]: ATOP: cache file exists
[2018-01-28T21:25:00+03:00]: 211 rows loaded
[2018-01-28T21:57:45+03:00]: 7777 ATOP: no cache file present
[2018-01-28T21:57:45+03:00]: http://3aindex.ru/cc-charts/data/GetData.php?fsym=ATOP&tsym=&limit=2000&aggregate=1&allData=false&code={sgXdYvgL
[2018-01-28T21:57:46+03:00]: 0 rows loaded
[2018-01-28T21:58:05+03:00]: 7777 ATOP: no cache file present
[2018-01-28T21:58:05+03:00]: http://3aindex.ru/cc-charts/data/GetData.php?fsym=ATOP&tsym=&limit=2000&aggregate=1&allData=false&code={sgXdYvgL
[2018-01-28T21:58:05+03:00]: 0 rows loaded
[2018-01-28T21:58:10+03:00]: 7777 ATOP: no cache file present
[2018-01-28T21:58:10+03:00]: http://3aindex.ru/cc-charts/data/GetData.php?fsym=ATOP&tsym=&limit=2000&aggregate=1&allData=false&code={sgXdYvgL
[2018-01-28T21:58:10+03:00]: 0 rows loaded
[2018-01-28T22:00:10+03:00]: 7777 ATOP: no cache file present
[2018-01-28T22:00:10+03:00]: http://3aindex.ru/cc-charts/data/GetData.php?fsym=ATOP&tsym=&limit=2000&aggregate=1&allData=false&code={sgXdYvgL
[2018-01-28T22:00:10+03:00]: 0 rows loaded
[2018-01-28T22:04:01+03:00]: 7777 ATOP: no cache file present
[2018-01-28T22:04:01+03:00]: http://3aindex.ru/cc-charts/data/GetData.php?fsym=ATOP&tsym=&limit=2000&aggregate=1&allData=false&code={sgXdYvgL
[2018-01-28T22:04:01+03:00]: 211 rows retrieved from API
[2018-01-28T22:04:01+03:00]: 211 rows loaded
[2018-01-28T22:05:39+03:00]: ATOP: cache file exists
[2018-01-28T22:05:39+03:00]: 211 rows loaded
[2018-01-28T22:05:53+03:00]: ATOP: cache file exists
[2018-01-28T22:05:53+03:00]: 211 rows loaded
[2018-01-28T22:18:30+03:00]: ATOP: cache file exists
[2018-01-28T22:18:30+03:00]: 211 rows loaded
[2018-01-28T22:25:59+03:00]: ATOP: cache file exists
[2018-01-28T22:25:59+03:00]: 211 rows loaded
[2018-01-28T22:31:28+03:00]: ATOP: cache file exists
[2018-01-28T22:31:28+03:00]: 211 rows loaded
[2018-01-28T22:32:20+03:00]: ATOP: cache file exists
[2018-01-28T22:32:20+03:00]: 211 rows loaded
[2018-01-28T22:44:50+03:00]: ATOP: cache file exists
[2018-01-28T22:44:50+03:00]: 211 rows loaded
[2018-01-28T22:51:25+03:00]: ATOP: cache file exists
[2018-01-28T22:51:25+03:00]: 211 rows loaded
[2018-01-28T22:53:02+03:00]: ATOP: cache file exists
[2018-01-28T22:53:02+03:00]: 211 rows loaded
[2018-01-28T22:53:44+03:00]: ATOP: cache file exists
[2018-01-28T22:53:44+03:00]: 211 rows loaded
[2018-01-28T22:54:59+03:00]: ATOP: cache file exists
[2018-01-28T22:54:59+03:00]: 211 rows loaded
[2018-01-28T22:56:21+03:00]: ATOP: cache file exists
[2018-01-28T22:56:21+03:00]: 211 rows loaded
[2018-01-28T23:17:19+03:00]: ATOP: cache file exists
[2018-01-28T23:17:19+03:00]: 211 rows loaded
[2018-01-28T23:18:51+03:00]: ATOP: cache file exists
[2018-01-28T23:18:51+03:00]: 211 rows loaded
[2018-01-28T23:42:58+03:00]: ATOP: cache file exists
[2018-01-28T23:42:58+03:00]: 211 rows loaded
[2018-01-28T23:46:14+03:00]: ATOP: cache file exists
[2018-01-28T23:46:14+03:00]: 211 rows loaded
[2018-01-29T00:05:24+03:00]: ATOP: cache file exists
[2018-01-29T00:05:24+03:00]: 211 rows loaded
[2018-01-29T00:08:17+03:00]: ATOP: cache file exists
[2018-01-29T00:08:17+03:00]: 211 rows loaded
[2018-01-29T00:25:15+03:00]: ATOP: cache file exists
[2018-01-29T00:25:15+03:00]: 211 rows loaded
[2018-01-29T00:36:08+03:00]: ATOP: cache file exists
[2018-01-29T00:36:08+03:00]: 211 rows loaded
[2018-01-29T00:36:40+03:00]: ATOP: cache file exists
[2018-01-29T00:36:40+03:00]: 211 rows loaded
[2018-01-29T00:45:32+03:00]: ATOP: cache file exists
[2018-01-29T00:45:32+03:00]: 211 rows loaded
[2018-01-29T00:49:05+03:00]: ATOP: cache file exists
[2018-01-29T00:49:05+03:00]: 211 rows loaded
[2018-01-29T00:51:16+03:00]: ATOP: cache file exists
[2018-01-29T00:51:16+03:00]: 211 rows loaded
[2018-01-29T01:02:39+03:00]: ATOP: cache file exists
[2018-01-29T01:02:39+03:00]: 211 rows loaded
[2018-01-29T01:46:37+03:00]: ATOP: cache file exists
[2018-01-29T01:46:37+03:00]: 211 rows loaded
[2018-01-29T02:21:26+03:00]: ATOP: cache file exists
[2018-01-29T02:21:26+03:00]: 211 rows loaded
[2018-01-29T02:25:37+03:00]: ATOP: cache file exists
[2018-01-29T02:25:37+03:00]: 211 rows loaded
[2018-01-29T02:31:27+03:00]: ATOP: cache file exists
[2018-01-29T02:31:27+03:00]: 211 rows loaded
[2018-01-29T02:34:27+03:00]: ATOP: cache file exists
[2018-01-29T02:34:27+03:00]: 211 rows loaded
[2018-01-29T02:36:47+03:00]: ATOP: cache file exists
[2018-01-29T02:36:47+03:00]: 211 rows loaded
[2018-01-29T02:38:12+03:00]: ATOP: cache file exists
[2018-01-29T02:38:12+03:00]: 211 rows loaded
[2018-01-29T06:05:51+03:00]: ATOP: cache file exists
[2018-01-29T06:05:51+03:00]: 211 rows loaded
[2018-01-29T08:12:05+03:00]: ATOP: cache file exists
[2018-01-29T08:12:05+03:00]: 211 rows loaded
[2018-01-29T08:26:51+03:00]: ATOP: cache file exists
[2018-01-29T08:26:51+03:00]: 211 rows loaded
[2018-01-29T08:29:20+03:00]: ATOP: cache file exists
[2018-01-29T08:29:20+03:00]: 211 rows loaded
[2018-01-29T08:43:01+03:00]: ATOP: cache file exists
[2018-01-29T08:43:01+03:00]: 211 rows loaded
[2018-01-29T08:43:23+03:00]: 1182 BTC: no cache file present
[2018-01-29T08:43:23+03:00]: http://3aindex.ru/cc-charts/data/GetData.php?fsym=BTC&tsym=&limit=2000&aggregate=1&allData=false&code={sgXdYvgL
[2018-01-29T08:43:24+03:00]: 387 rows retrieved from API
[2018-01-29T08:43:24+03:00]: 387 rows loaded
[2018-01-29T08:43:54+03:00]: ATOP: cache file exists
[2018-01-29T08:43:54+03:00]: 211 rows loaded
[2018-01-29T12:02:15+03:00]: 7777 ATOP: no cache file present
[2018-01-29T12:02:15+03:00]: http://3aindex.ru/cc-charts/data/GetData.php?fsym=ATOP&tsym=&limit=2000&aggregate=1&allData=false&code={sgXdYvgL
[2018-01-29T12:02:16+03:00]: 212 rows retrieved from API
[2018-01-29T12:02:16+03:00]: 212 rows loaded
[2018-01-29T12:25:15+03:00]: ATOP: cache file exists
[2018-01-29T12:25:15+03:00]: 212 rows loaded
[2018-01-29T12:29:23+03:00]: ATOP: cache file exists
[2018-01-29T12:29:23+03:00]: 212 rows loaded
[2018-01-29T13:12:08+03:00]: ATOP: cache file exists
[2018-01-29T13:12:08+03:00]: 212 rows loaded
[2018-01-29T15:01:42+03:00]: ATOP: cache file exists
[2018-01-29T15:01:42+03:00]: 212 rows loaded
[2018-01-29T15:03:35+03:00]: ATOP: cache file exists
[2018-01-29T15:03:35+03:00]: 212 rows loaded
[2018-01-29T15:04:35+03:00]: ATOP: cache file exists
[2018-01-29T15:04:35+03:00]: 212 rows loaded
[2018-01-29T15:20:33+03:00]: ATOP: cache file exists
[2018-01-29T15:20:33+03:00]: 212 rows loaded
[2018-01-29T16:50:49+03:00]: ATOP: cache file exists
[2018-01-29T16:50:49+03:00]: 212 rows loaded
[2018-01-29T17:08:59+03:00]: ATOP: cache file exists
[2018-01-29T17:08:59+03:00]: 212 rows loaded
[2018-01-29T17:10:38+03:00]: ATOP: cache file exists
[2018-01-29T17:10:38+03:00]: 212 rows loaded
[2018-01-29T17:20:37+03:00]: ATOP: cache file exists
[2018-01-29T17:20:37+03:00]: 212 rows loaded
[2018-01-29T17:22:14+03:00]: ATOP: cache file exists
[2018-01-29T17:22:14+03:00]: 212 rows loaded
[2018-01-29T17:25:43+03:00]: ATOP: cache file exists
[2018-01-29T17:25:43+03:00]: 212 rows loaded
[2018-01-29T17:27:14+03:00]: ATOP: cache file exists
[2018-01-29T17:27:14+03:00]: 212 rows loaded
[2018-01-29T17:27:45+03:00]: ATOP: cache file exists
[2018-01-29T17:27:45+03:00]: 212 rows loaded
[2018-01-29T17:27:49+03:00]: ATOP: cache file exists
[2018-01-29T17:27:49+03:00]: 212 rows loaded
[2018-01-29T17:33:22+03:00]: ATOP: cache file exists
[2018-01-29T17:33:22+03:00]: 212 rows loaded
[2018-01-29T17:33:39+03:00]: ATOP: cache file exists
[2018-01-29T17:33:39+03:00]: 212 rows loaded
[2018-01-29T17:33:47+03:00]: ATOP: cache file exists
[2018-01-29T17:33:47+03:00]: 212 rows loaded
[2018-01-29T18:04:28+03:00]: ATOP: cache file exists
[2018-01-29T18:04:28+03:00]: 212 rows loaded
[2018-01-29T18:34:41+03:00]: ATOP: cache file exists
[2018-01-29T18:34:41+03:00]: 212 rows loaded
[2018-01-29T18:36:36+03:00]: ATOP: cache file exists
[2018-01-29T18:36:36+03:00]: 212 rows loaded
[2018-01-29T18:43:16+03:00]: ATOP: cache file exists
[2018-01-29T18:43:16+03:00]: 212 rows loaded
[2018-01-29T19:52:46+03:00]: 7777 ATOP: no cache file present
[2018-01-29T19:52:46+03:00]: http://3aindex.ru/cc-charts/data/GetData.php?fsym=ATOP&tsym=&limit=2000&aggregate=1&allData=false&code={sgXdYvgL
[2018-01-29T19:52:47+03:00]: 212 rows retrieved from API
[2018-01-29T19:52:47+03:00]: 212 rows loaded
[2018-01-29T19:57:39+03:00]: ATOP: cache file exists
[2018-01-29T19:57:39+03:00]: 212 rows loaded
[2018-01-29T21:26:51+03:00]: ATOP: cache file exists
[2018-01-29T21:26:51+03:00]: 212 rows loaded
[2018-01-29T21:27:28+03:00]: ATOP: cache file exists
[2018-01-29T21:27:28+03:00]: 212 rows loaded
[2018-01-29T22:14:51+03:00]: 7777 ATOP: no cache file present
[2018-01-29T22:14:51+03:00]: http://3aindex.ru/cc-charts/data/GetData.php?fsym=ATOP&tsym=&limit=2000&aggregate=1&allData=false&code={sgXdYvgL
[2018-01-29T22:14:52+03:00]: 212 rows retrieved from API
[2018-01-29T22:14:52+03:00]: 212 rows loaded
[2018-01-29T22:21:52+03:00]: ATOP: cache file exists
[2018-01-29T22:21:52+03:00]: 212 rows loaded
[2018-01-29T22:28:54+03:00]: ATOP: cache file exists
[2018-01-29T22:28:54+03:00]: 212 rows loaded
[2018-01-29T23:20:48+03:00]: ATOP: cache file exists
[2018-01-29T23:20:48+03:00]: 212 rows loaded
[2018-01-29T23:21:01+03:00]: ATOP: cache file exists
[2018-01-29T23:21:01+03:00]: 212 rows loaded
[2018-01-29T23:21:07+03:00]: ATOP: cache file exists
[2018-01-29T23:21:07+03:00]: 212 rows loaded
[2018-01-29T23:21:10+03:00]: ATOP: cache file exists
[2018-01-29T23:21:10+03:00]: 212 rows loaded
[2018-01-29T23:23:50+03:00]: ATOP: cache file exists
[2018-01-29T23:23:50+03:00]: 212 rows loaded
[2018-01-29T23:24:04+03:00]: ATOP: cache file exists
[2018-01-29T23:24:04+03:00]: 212 rows loaded
[2018-01-29T23:45:07+03:00]: ATOP: cache file exists
[2018-01-29T23:45:07+03:00]: 212 rows loaded
[2018-01-30T03:15:58+03:00]: 7777 ATOP: no cache file present
[2018-01-30T03:15:58+03:00]: http://3aindex.ru/cc-charts/data/GetData.php?fsym=ATOP&tsym=&limit=2000&aggregate=1&allData=false&code={sgXdYvgL
[2018-01-30T03:15:58+03:00]: 213 rows retrieved from API
[2018-01-30T03:15:58+03:00]: 213 rows loaded
[2018-01-30T03:16:39+03:00]: ATOP: cache file exists
[2018-01-30T03:16:39+03:00]: 213 rows loaded
[2018-01-30T03:20:01+03:00]: ATOP: cache file exists
[2018-01-30T03:20:01+03:00]: 213 rows loaded
[2018-01-30T06:58:51+03:00]: 7777 ATOP: no cache file present
[2018-01-30T06:58:51+03:00]: http://3aindex.ru/cc-charts/data/GetData.php?fsym=ATOP&tsym=&limit=2000&aggregate=1&allData=false&code={sgXdYvgL
[2018-01-30T06:58:53+03:00]: 213 rows retrieved from API
[2018-01-30T06:58:53+03:00]: 213 rows loaded
[2018-01-30T09:29:10+03:00]: 7777 ATOP: no cache file present
[2018-01-30T09:29:10+03:00]: http://3aindex.ru/cc-charts/data/GetData.php?fsym=ATOP&tsym=&limit=2000&aggregate=1&allData=false&code={sgXdYvgL
[2018-01-30T09:29:11+03:00]: 213 rows retrieved from API
[2018-01-30T09:29:11+03:00]: 213 rows loaded
[2018-01-30T10:06:30+03:00]: ATOP: cache file exists
[2018-01-30T10:06:30+03:00]: 213 rows loaded
[2018-01-30T10:19:20+03:00]: ATOP: cache file exists
[2018-01-30T10:19:20+03:00]: 213 rows loaded
[2018-01-30T10:46:33+03:00]: ATOP: cache file exists
[2018-01-30T10:46:33+03:00]: 213 rows loaded
[2018-01-30T10:56:04+03:00]: ATOP: cache file exists
[2018-01-30T10:56:04+03:00]: 213 rows loaded
[2018-01-30T10:56:31+03:00]: 7777 ATOP: no cache file present
[2018-01-30T10:56:31+03:00]: http://3aindex.ru/cc-charts/data/GetData.php?fsym=ATOP&tsym=&limit=2000&aggregate=1&allData=false&code={sgXdYvgL
[2018-01-30T10:56:32+03:00]: 213 rows retrieved from API
[2018-01-30T10:56:32+03:00]: 213 rows loaded
[2018-01-30T11:51:03+03:00]: ATOP: cache file exists
[2018-01-30T11:51:03+03:00]: 213 rows loaded
[2018-01-30T11:52:29+03:00]: ATOP: cache file exists
[2018-01-30T11:52:29+03:00]: 213 rows loaded
[2018-01-30T11:53:28+03:00]: ATOP: cache file exists
[2018-01-30T11:53:28+03:00]: 213 rows loaded
[2018-01-30T11:53:57+03:00]: ATOP: cache file exists
[2018-01-30T11:53:57+03:00]: 213 rows loaded
[2018-01-30T11:55:40+03:00]: ATOP: cache file exists
[2018-01-30T11:55:40+03:00]: 213 rows loaded
[2018-01-30T14:03:57+03:00]: 7777 ATOP: no cache file present
[2018-01-30T14:03:57+03:00]: http://3aindex.ru/cc-charts/data/GetData.php?fsym=ATOP&tsym=&limit=2000&aggregate=1&allData=false&code={sgXdYvgL
[2018-01-30T14:03:58+03:00]: 213 rows retrieved from API
[2018-01-30T14:03:58+03:00]: 213 rows loaded
[2018-01-30T14:04:25+03:00]: ATOP: cache file exists
[2018-01-30T14:04:25+03:00]: 213 rows loaded
[2018-01-30T14:05:09+03:00]: ATOP: cache file exists
[2018-01-30T14:05:09+03:00]: 213 rows loaded
[2018-01-30T14:17:39+03:00]: ATOP: cache file exists
[2018-01-30T14:17:39+03:00]: 213 rows loaded
[2018-01-30T15:10:52+03:00]: ATOP: cache file exists
[2018-01-30T15:10:52+03:00]: 213 rows loaded
[2018-01-31T00:17:16+03:00]: 7777 ATOP: no cache file present
[2018-01-31T00:17:16+03:00]: http://3aindex.ru/cc-charts/data/GetData.php?fsym=ATOP&tsym=&limit=2000&aggregate=1&allData=false&code={sgXdYvgL
[2018-01-31T00:17:17+03:00]: 213 rows retrieved from API
[2018-01-31T00:17:17+03:00]: 213 rows loaded
[2018-01-31T00:17:33+03:00]: ATOP: cache file exists
[2018-01-31T00:17:33+03:00]: 213 rows loaded
[2018-01-31T00:17:46+03:00]: ATOP: cache file exists
[2018-01-31T00:17:46+03:00]: 213 rows loaded
[2018-01-31T00:32:50+03:00]: ATOP: cache file exists
[2018-01-31T00:32:50+03:00]: 213 rows loaded
[2018-01-31T00:43:31+03:00]: ATOP: cache file exists
[2018-01-31T00:43:31+03:00]: 213 rows loaded
[2018-01-31T00:44:40+03:00]: ATOP: cache file exists
[2018-01-31T00:44:40+03:00]: 213 rows loaded
[2018-01-31T00:45:21+03:00]: ATOP: cache file exists
[2018-01-31T00:45:21+03:00]: 213 rows loaded
[2018-01-31T07:50:01+03:00]: 7777 ATOP: no cache file present
[2018-01-31T07:50:01+03:00]: http://3aindex.ru/cc-charts/data/GetData.php?fsym=ATOP&tsym=&limit=2000&aggregate=1&allData=false&code={sgXdYvgL
[2018-01-31T07:50:02+03:00]: 214 rows retrieved from API
[2018-01-31T07:50:02+03:00]: 214 rows loaded
[2018-01-31T10:58:02+03:00]: 7777 ATOP: no cache file present
[2018-01-31T10:58:02+03:00]: http://3aindex.ru/cc-charts/data/GetData.php?fsym=ATOP&tsym=&limit=2000&aggregate=1&allData=false&code={sgXdYvgL
[2018-01-31T10:58:04+03:00]: 214 rows retrieved from API
[2018-01-31T10:58:04+03:00]: 214 rows loaded
[2018-01-31T14:52:29+03:00]: 7777 ATOP: no cache file present
[2018-01-31T14:52:29+03:00]: http://3aindex.ru/cc-charts/data/GetData.php?fsym=ATOP&tsym=&limit=2000&aggregate=1&allData=false&code={sgXdYvgL
[2018-01-31T14:52:30+03:00]: 214 rows retrieved from API
[2018-01-31T14:52:30+03:00]: 214 rows loaded
[2018-01-31T16:16:29+03:00]: ATOP: cache file exists
[2018-01-31T16:16:29+03:00]: 214 rows loaded
[2018-02-01T12:37:41+03:00]: 7777 ATOP: no cache file present
[2018-02-01T12:37:41+03:00]: http://3aindex.ru/cc-charts/data/GetData.php?fsym=ATOP&tsym=&limit=2000&aggregate=1&allData=false&code={sgXdYvgL
[2018-02-01T12:37:42+03:00]: 215 rows retrieved from API
[2018-02-01T12:37:42+03:00]: 215 rows loaded
[2018-02-01T15:04:13+03:00]: 7777 ATOP: no cache file present
[2018-02-01T15:04:13+03:00]: http://3aindex.ru/cc-charts/data/GetData.php?fsym=ATOP&tsym=&limit=2000&aggregate=1&allData=false&code={sgXdYvgL
[2018-02-01T15:04:14+03:00]: 215 rows retrieved from API
[2018-02-01T15:04:14+03:00]: 215 rows loaded
[2018-02-01T23:39:48+03:00]: 7777 ATOP: no cache file present
[2018-02-01T23:39:48+03:00]: http://3aindex.ru/cc-charts/data/GetData.php?fsym=ATOP&tsym=&limit=2000&aggregate=1&allData=false&code={sgXdYvgL
[2018-02-01T23:39:50+03:00]: 215 rows retrieved from API
[2018-02-01T23:39:50+03:00]: 215 rows loaded
[2018-02-02T00:38:36+03:00]: ATOP: cache file exists
[2018-02-02T00:38:36+03:00]: 215 rows loaded
[2018-02-02T13:22:19+03:00]: 7777 ATOP: no cache file present
[2018-02-02T13:22:19+03:00]: http://3aindex.ru/cc-charts/data/GetData.php?fsym=ATOP&tsym=&limit=2000&aggregate=1&allData=false&code={sgXdYvgL
[2018-02-02T13:22:21+03:00]: 216 rows retrieved from API
[2018-02-02T13:22:21+03:00]: 216 rows loaded
[2018-02-03T05:09:24+03:00]: 7777 ATOP: no cache file present
[2018-02-03T05:09:24+03:00]: http://3aindex.ru/cc-charts/data/GetData.php?fsym=ATOP&tsym=&limit=2000&aggregate=1&allData=false&code={sgXdYvgL
[2018-02-03T05:09:25+03:00]: 216 rows retrieved from API
[2018-02-03T05:09:25+03:00]: 216 rows loaded
[2018-02-03T05:09:30+03:00]: ATOP: cache file exists
[2018-02-03T05:09:30+03:00]: 216 rows loaded
[2018-02-03T05:10:34+03:00]: ATOP: cache file exists
[2018-02-03T05:10:34+03:00]: 216 rows loaded
[2018-02-03T05:10:40+03:00]: ATOP: cache file exists
[2018-02-03T05:10:40+03:00]: 216 rows loaded
[2018-02-03T05:11:29+03:00]: ATOP: cache file exists
[2018-02-03T05:11:29+03:00]: 216 rows loaded
[2018-02-03T05:11:31+03:00]: ATOP: cache file exists
[2018-02-03T05:11:31+03:00]: 216 rows loaded
[2018-02-03T09:21:40+03:00]: 7777 ATOP: no cache file present
[2018-02-03T09:21:40+03:00]: http://3aindex.ru/cc-charts/data/GetData.php?fsym=ATOP&tsym=&limit=2000&aggregate=1&allData=false&code={sgXdYvgL
[2018-02-03T09:21:41+03:00]: 217 rows retrieved from API
[2018-02-03T09:21:41+03:00]: 217 rows loaded
[2018-02-03T10:56:20+03:00]: ATOP: cache file exists
[2018-02-03T10:56:20+03:00]: 217 rows loaded
[2018-02-03T11:32:26+03:00]: 7777 ATOP: no cache file present
[2018-02-03T11:32:26+03:00]: http://3aindex.ru/cc-charts/data/GetData.php?fsym=ATOP&tsym=&limit=2000&aggregate=1&allData=false&code={sgXdYvgL
[2018-02-03T11:32:27+03:00]: 217 rows retrieved from API
[2018-02-03T11:32:27+03:00]: 217 rows loaded
[2018-02-03T11:40:44+03:00]: ATOP: cache file exists
[2018-02-03T11:40:44+03:00]: 217 rows loaded
[2018-02-03T11:51:19+03:00]: ATOP: cache file exists
[2018-02-03T11:51:19+03:00]: 217 rows loaded
[2018-02-03T11:53:05+03:00]: ATOP: cache file exists
[2018-02-03T11:53:05+03:00]: 217 rows loaded
[2018-02-03T15:25:50+03:00]: 7777 ATOP: no cache file present
[2018-02-03T15:25:50+03:00]: http://3aindex.ru/cc-charts/data/GetData.php?fsym=ATOP&tsym=&limit=2000&aggregate=1&allData=false&code={sgXdYvgL
[2018-02-03T15:25:51+03:00]: 217 rows retrieved from API
[2018-02-03T15:25:51+03:00]: 217 rows loaded
[2018-02-03T15:26:07+03:00]: ATOP: cache file exists
[2018-02-03T15:26:07+03:00]: 217 rows loaded
[2018-02-03T15:26:40+03:00]: ATOP: cache file exists
[2018-02-03T15:26:40+03:00]: 217 rows loaded
[2018-02-03T17:14:18+03:00]: ATOP: cache file exists
[2018-02-03T17:14:18+03:00]: 217 rows loaded
[2018-02-03T17:16:08+03:00]: ATOP: cache file exists
[2018-02-03T17:16:08+03:00]: 217 rows loaded
[2018-02-03T17:51:00+03:00]: 7777 ATOP: no cache file present
[2018-02-03T17:51:00+03:00]: http://3aindex.ru/cc-charts/data/GetData.php?fsym=ATOP&tsym=&limit=2000&aggregate=1&allData=false&code={sgXdYvgL
[2018-02-03T17:51:01+03:00]: 217 rows retrieved from API
[2018-02-03T17:51:01+03:00]: 217 rows loaded
[2018-02-03T18:02:18+03:00]: ATOP: cache file exists
[2018-02-03T18:02:18+03:00]: 217 rows loaded
[2018-02-03T21:41:03+03:00]: 7777 ATOP: no cache file present
[2018-02-03T21:41:03+03:00]: http://3aindex.ru/cc-charts/data/GetData.php?fsym=ATOP&tsym=&limit=2000&aggregate=1&allData=false&code={sgXdYvgL
[2018-02-03T21:41:04+03:00]: 217 rows retrieved from API
[2018-02-03T21:41:04+03:00]: 217 rows loaded
[2018-02-04T04:26:02+03:00]: 7777 ATOP: no cache file present
[2018-02-04T04:26:02+03:00]: http://3aindex.ru/cc-charts/data/GetData.php?fsym=ATOP&tsym=&limit=2000&aggregate=1&allData=false&code={sgXdYvgL
[2018-02-04T04:26:03+03:00]: 217 rows retrieved from API
[2018-02-04T04:26:03+03:00]: 217 rows loaded
[2018-02-04T07:46:05+03:00]: 7777 ATOP: no cache file present
[2018-02-04T07:46:05+03:00]: http://3aindex.ru/cc-charts/data/GetData.php?fsym=ATOP&tsym=&limit=2000&aggregate=1&allData=false&code={sgXdYvgL
[2018-02-04T07:46:06+03:00]: 218 rows retrieved from API
[2018-02-04T07:46:06+03:00]: 218 rows loaded
[2018-02-04T15:56:56+03:00]: 7777 ATOP: no cache file present
[2018-02-04T15:56:56+03:00]: http://3aindex.ru/cc-charts/data/GetData.php?fsym=ATOP&tsym=&limit=2000&aggregate=1&allData=false&code={sgXdYvgL
[2018-02-04T15:56:57+03:00]: 218 rows retrieved from API
[2018-02-04T15:56:57+03:00]: 218 rows loaded
[2018-02-04T16:01:16+03:00]: ATOP: cache file exists
[2018-02-04T16:01:16+03:00]: 218 rows loaded
[2018-02-04T16:56:19+03:00]: ATOP: cache file exists
[2018-02-04T16:56:19+03:00]: 218 rows loaded
[2018-02-04T17:42:46+03:00]: ATOP: cache file exists
[2018-02-04T17:42:46+03:00]: 218 rows loaded
[2018-02-04T18:14:01+03:00]: 7777 ATOP: no cache file present
[2018-02-04T18:14:01+03:00]: http://3aindex.ru/cc-charts/data/GetData.php?fsym=ATOP&tsym=&limit=2000&aggregate=1&allData=false&code={sgXdYvgL
[2018-02-04T18:14:02+03:00]: 218 rows retrieved from API
[2018-02-04T18:14:02+03:00]: 218 rows loaded
[2018-02-05T09:01:38+03:00]: 7777 ATOP: no cache file present
[2018-02-05T09:01:38+03:00]: http://3aindex.ru/cc-charts/data/GetData.php?fsym=ATOP&tsym=&limit=2000&aggregate=1&allData=false&code={sgXdYvgL
[2018-02-05T09:01:39+03:00]: 219 rows retrieved from API
[2018-02-05T09:01:39+03:00]: 219 rows loaded
[2018-02-05T09:46:59+03:00]: ATOP: cache file exists
[2018-02-05T09:46:59+03:00]: 219 rows loaded
[2018-02-05T12:03:49+03:00]: 7777 ATOP: no cache file present
[2018-02-05T12:03:49+03:00]: http://3aindex.ru/cc-charts/data/GetData.php?fsym=ATOP&tsym=&limit=2000&aggregate=1&allData=false&code={sgXdYvgL
[2018-02-05T12:03:50+03:00]: 219 rows retrieved from API
[2018-02-05T12:03:50+03:00]: 219 rows loaded
[2018-02-05T12:45:30+03:00]: ATOP: cache file exists
[2018-02-05T12:45:30+03:00]: 219 rows loaded
[2018-02-06T00:57:56+03:00]: 7777 ATOP: no cache file present
[2018-02-06T00:57:56+03:00]: http://3aindex.ru/cc-charts/data/GetData.php?fsym=ATOP&tsym=&limit=2000&aggregate=1&allData=false&code={sgXdYvgL
[2018-02-06T00:57:59+03:00]: 219 rows retrieved from API
[2018-02-06T00:57:59+03:00]: 219 rows loaded
[2018-02-06T11:18:56+03:00]: 7777 ATOP: no cache file present
[2018-02-06T11:18:56+03:00]: http://3aindex.ru/cc-charts/data/GetData.php?fsym=ATOP&tsym=&limit=2000&aggregate=1&allData=false&code={sgXdYvgL
[2018-02-06T11:18:57+03:00]: 220 rows retrieved from API
[2018-02-06T11:18:57+03:00]: 220 rows loaded
[2018-02-06T11:19:42+03:00]: 1182 BTC: no cache file present
[2018-02-06T11:19:42+03:00]: http://3aindex.ru/cc-charts/data/GetData.php?fsym=BTC&tsym=&limit=2000&aggregate=1&allData=false&code={sgXdYvgL
[2018-02-06T11:19:42+03:00]: 395 rows retrieved from API
[2018-02-06T11:19:42+03:00]: 395 rows loaded
[2018-02-06T11:20:38+03:00]: ATOP: cache file exists
[2018-02-06T11:20:38+03:00]: 220 rows loaded
[2018-02-06T12:19:29+03:00]: ATOP: cache file exists
[2018-02-06T12:19:29+03:00]: 220 rows loaded
[2018-02-06T12:26:32+03:00]: ATOP: cache file exists
[2018-02-06T12:26:32+03:00]: 220 rows loaded
[2018-02-06T12:27:19+03:00]: ATOP: cache file exists
[2018-02-06T12:27:19+03:00]: 220 rows loaded
[2018-02-06T12:32:07+03:00]: ATOP: cache file exists
[2018-02-06T12:32:07+03:00]: 220 rows loaded
[2018-02-06T12:39:48+03:00]: ATOP: cache file exists
[2018-02-06T12:39:48+03:00]: 220 rows loaded
[2018-02-06T12:42:41+03:00]: ATOP: cache file exists
[2018-02-06T12:42:41+03:00]: 220 rows loaded
[2018-02-06T16:17:19+03:00]: 7777 ATOP: no cache file present
[2018-02-06T16:17:19+03:00]: http://3aindex.ru/cc-charts/data/GetData.php?fsym=ATOP&tsym=&limit=2000&aggregate=1&allData=false&code={sgXdYvgL
[2018-02-06T16:17:20+03:00]: 220 rows retrieved from API
[2018-02-06T16:17:20+03:00]: 220 rows loaded
[2018-02-06T18:18:32+03:00]: 7777 ATOP: no cache file present
[2018-02-06T18:18:32+03:00]: http://3aindex.ru/cc-charts/data/GetData.php?fsym=ATOP&tsym=&limit=2000&aggregate=1&allData=false&code={sgXdYvgL
[2018-02-06T18:18:33+03:00]: 220 rows retrieved from API
[2018-02-06T18:18:33+03:00]: 220 rows loaded
[2018-02-06T18:19:05+03:00]: ATOP: cache file exists
[2018-02-06T18:19:05+03:00]: 220 rows loaded
[2018-02-06T20:39:12+03:00]: 7777 ATOP: no cache file present
[2018-02-06T20:39:12+03:00]: http://3aindex.ru/cc-charts/data/GetData.php?fsym=ATOP&tsym=&limit=2000&aggregate=1&allData=false&code={sgXdYvgL
[2018-02-06T20:39:12+03:00]: 220 rows retrieved from API
[2018-02-06T20:39:12+03:00]: 220 rows loaded
[2018-02-07T00:57:24+03:00]: 7777 ATOP: no cache file present
[2018-02-07T00:57:24+03:00]: http://3aindex.ru/cc-charts/data/GetData.php?fsym=ATOP&tsym=&limit=2000&aggregate=1&allData=false&code={sgXdYvgL
[2018-02-07T00:57:24+03:00]: 220 rows retrieved from API
[2018-02-07T00:57:24+03:00]: 220 rows loaded
[2018-02-07T01:39:36+03:00]: ATOP: cache file exists
[2018-02-07T01:39:36+03:00]: 220 rows loaded
[2018-02-07T01:43:55+03:00]: ATOP: cache file exists
[2018-02-07T01:43:55+03:00]: 220 rows loaded
[2018-02-07T03:18:56+03:00]: 7777 ATOP: no cache file present
[2018-02-07T03:18:56+03:00]: http://3aindex.ru/cc-charts/data/GetData.php?fsym=ATOP&tsym=&limit=2000&aggregate=1&allData=false&code={sgXdYvgL
[2018-02-07T03:18:56+03:00]: 220 rows retrieved from API
[2018-02-07T03:18:56+03:00]: 220 rows loaded
[2018-02-07T14:00:01+03:00]: 7777 ATOP: no cache file present
[2018-02-07T14:00:01+03:00]: http://3aindex.ru/cc-charts/data/GetData.php?fsym=ATOP&tsym=&limit=2000&aggregate=1&allData=false&code={sgXdYvgL
[2018-02-07T14:00:02+03:00]: 221 rows retrieved from API
[2018-02-07T14:00:02+03:00]: 221 rows loaded
[2018-02-07T14:04:46+03:00]: ATOP: cache file exists
[2018-02-07T14:04:46+03:00]: 221 rows loaded
[2018-02-07T22:19:31+03:00]: 7777 ATOP: no cache file present
[2018-02-07T22:19:31+03:00]: http://3aindex.ru/cc-charts/data/GetData.php?fsym=ATOP&tsym=&limit=2000&aggregate=1&allData=false&code={sgXdYvgL
[2018-02-07T22:19:32+03:00]: 221 rows retrieved from API
[2018-02-07T22:19:32+03:00]: 221 rows loaded
[2018-02-07T23:56:25+03:00]: ATOP: cache file exists
[2018-02-07T23:56:25+03:00]: 221 rows loaded
[2018-02-08T11:33:12+03:00]: 7777 ATOP: no cache file present
[2018-02-08T11:33:12+03:00]: http://3aindex.ru/cc-charts/data/GetData.php?fsym=ATOP&tsym=&limit=2000&aggregate=1&allData=false&code={sgXdYvgL
[2018-02-08T11:33:12+03:00]: 222 rows retrieved from API
[2018-02-08T11:33:12+03:00]: 222 rows loaded
[2018-02-10T09:23:13+03:00]: 7777 ATOP: no cache file present
[2018-02-10T09:23:13+03:00]: http://3aindex.ru/cc-charts/data/GetData.php?fsym=ATOP&tsym=&limit=2000&aggregate=1&allData=false&code={sgXdYvgL
[2018-02-10T09:23:14+03:00]: 224 rows retrieved from API
[2018-02-10T09:23:14+03:00]: 224 rows loaded
[2018-02-12T14:58:22+03:00]: 7777 ATOP: no cache file present
[2018-02-12T14:58:22+03:00]: http://3aindex.ru/cc-charts/data/GetData.php?fsym=ATOP&tsym=&limit=2000&aggregate=1&allData=false&code={sgXdYvgL
[2018-02-12T14:58:23+03:00]: 226 rows retrieved from API
[2018-02-12T14:58:23+03:00]: 226 rows loaded
[2018-02-12T16:52:32+03:00]: ATOP: cache file exists
[2018-02-12T16:52:32+03:00]: 226 rows loaded
[2018-02-12T18:08:27+03:00]: 7777 ATOP: no cache file present
[2018-02-12T18:08:27+03:00]: http://3aindex.ru/cc-charts/data/GetData.php?fsym=ATOP&tsym=&limit=2000&aggregate=1&allData=false&code={sgXdYvgL
[2018-02-12T18:08:27+03:00]: 226 rows retrieved from API
[2018-02-12T18:08:27+03:00]: 226 rows loaded
[2018-02-12T18:46:23+03:00]: ATOP: cache file exists
[2018-02-12T18:46:23+03:00]: 226 rows loaded
[2018-02-13T15:05:15+03:00]: 7777 ATOP: no cache file present
[2018-02-13T15:05:15+03:00]: http://3aindex.ru/cc-charts/data/GetData.php?fsym=ATOP&tsym=&limit=2000&aggregate=1&allData=false&code={sgXdYvgL
[2018-02-13T15:05:16+03:00]: 227 rows retrieved from API
[2018-02-13T15:05:16+03:00]: 227 rows loaded
[2018-02-13T15:08:39+03:00]: 1182 BTC: no cache file present
[2018-02-13T15:08:39+03:00]: http://3aindex.ru/cc-charts/data/GetData.php?fsym=BTC&tsym=&limit=2000&aggregate=1&allData=false&code={sgXdYvgL
[2018-02-13T15:08:39+03:00]: 402 rows retrieved from API
[2018-02-13T15:08:39+03:00]: 402 rows loaded
[2018-02-17T19:32:13+03:00]: 7777 ATOP: no cache file present
[2018-02-17T19:32:13+03:00]: http://3aindex.ru/cc-charts/data/GetData.php?fsym=ATOP&tsym=&limit=2000&aggregate=1&allData=false&code={sgXdYvgL
[2018-02-17T19:32:13+03:00]: 231 rows retrieved from API
[2018-02-17T19:32:13+03:00]: 231 rows loaded
[2018-02-18T09:20:36+03:00]: 7777 ATOP: no cache file present
[2018-02-18T09:20:36+03:00]: http://3aindex.ru/cc-charts/data/GetData.php?fsym=ATOP&tsym=&limit=2000&aggregate=1&allData=false&code={sgXdYvgL
[2018-02-18T09:20:37+03:00]: 232 rows retrieved from API
[2018-02-18T09:20:37+03:00]: 232 rows loaded
[2018-02-18T11:26:33+03:00]: 7777 ATOP: no cache file present
[2018-02-18T11:26:33+03:00]: http://3aindex.ru/cc-charts/data/GetData.php?fsym=ATOP&tsym=&limit=2000&aggregate=1&allData=false&code={sgXdYvgL
[2018-02-18T11:26:34+03:00]: 232 rows retrieved from API
[2018-02-18T11:26:34+03:00]: 232 rows loaded
[2018-02-18T15:48:34+03:00]: 7777 ATOP: no cache file present
[2018-02-18T15:48:34+03:00]: http://3aindex.ru/cc-charts/data/GetData.php?fsym=ATOP&tsym=&limit=2000&aggregate=1&allData=false&code={sgXdYvgL
[2018-02-18T15:48:35+03:00]: 232 rows retrieved from API
[2018-02-18T15:48:35+03:00]: 232 rows loaded
[2018-02-18T15:49:46+03:00]: ATOP: cache file exists
[2018-02-18T15:49:46+03:00]: 232 rows loaded
[2018-02-18T21:36:27+03:00]: 7777 ATOP: no cache file present
[2018-02-18T21:36:27+03:00]: http://3aindex.ru/cc-charts/data/GetData.php?fsym=ATOP&tsym=&limit=2000&aggregate=1&allData=false&code={sgXdYvgL
[2018-02-18T21:36:28+03:00]: 232 rows retrieved from API
[2018-02-18T21:36:28+03:00]: 232 rows loaded
[2018-02-19T00:06:11+03:00]: 7777 ATOP: no cache file present
[2018-02-19T00:06:11+03:00]: http://3aindex.ru/cc-charts/data/GetData.php?fsym=ATOP&tsym=&limit=2000&aggregate=1&allData=false&code={sgXdYvgL
[2018-02-19T00:06:12+03:00]: 232 rows retrieved from API
[2018-02-19T00:06:12+03:00]: 232 rows loaded
[2018-02-19T00:11:47+03:00]: ATOP: cache file exists
[2018-02-19T00:11:47+03:00]: 232 rows loaded
[2018-02-19T00:13:40+03:00]: 7777 ATOP: no cache file present
[2018-02-19T00:13:40+03:00]: http://3aindex.ru/cc-charts/data/GetData.php?fsym=ATOP&tsym=&limit=2000&aggregate=1&allData=false&code={sgXdYvgL
[2018-02-19T00:13:40+03:00]: 232 rows retrieved from API
[2018-02-19T00:13:40+03:00]: 232 rows loaded
